<?xml version="1.0" encoding="UTF-8"?>
<!-- Generated by org.testng.reporters.JUnitXMLReporter -->
<testsuite ignored="0" hostname="LAPTOP-6HI5R7OD" failures="0" tests="3" name="Default test" time="82.927" errors="0" timestamp="2022-12-16T01:08:37 IST">
  <testcase classname="TestSuites.TestCases" name="carwash" time="31.083"/>
  <testcase classname="TestSuites.TestCases" name="listing" time="19.675"/>
  <testcase classname="TestSuites.TestCases" name="retrieve" time="20.297"/>
</testsuite> <!-- Default test -->
