<?xml version="1.0" encoding="UTF-8"?>
<!-- Generated by org.testng.reporters.JUnitXMLReporter -->
<testsuite ignored="0" hostname="DESKTOP-NHLU8U8" failures="0" tests="3" name="Test" time="0.342" errors="0" timestamp="2022-05-09T20:37:54 IST">
  <testcase classname="TestSuites.TestCases" name="@BeforeTest invokeBrowser" time="0.151">
    <failure type="java.lang.IllegalStateException" message="The driver executable does not exist: F:\COGNIZANT\Workspace\Selenium Project\Drivers\chromedriver.exe">
      <![CDATA[java.lang.IllegalStateException: The driver executable does not exist: F:\COGNIZANT\Workspace\Selenium Project\Drivers\chromedriver.exe
at com.google.common.base.Preconditions.checkState(Preconditions.java:585)
at org.openqa.selenium.remote.service.DriverService.checkExecutable(DriverService.java:146)
at org.openqa.selenium.remote.service.DriverService.findExecutable(DriverService.java:141)
at org.openqa.selenium.chrome.ChromeDriverService.access$000(ChromeDriverService.java:35)
at org.openqa.selenium.chrome.ChromeDriverService$Builder.findDefaultExecutable(ChromeDriverService.java:159)
at org.openqa.selenium.remote.service.DriverService$Builder.build(DriverService.java:355)
at org.openqa.selenium.chrome.ChromeDriverService.createDefaultService(ChromeDriverService.java:94)
at org.openqa.selenium.chrome.ChromeDriver.<init>(ChromeDriver.java:157)
at Base.Base.invokeBrowser(Base.java:53)
at TestSuites.TestCases.invokeBrowser(TestCases.java:24)
... Removed 24 stack frames]]>
    </failure>
  </testcase> <!-- @BeforeTest invokeBrowser -->
  <testcase classname="TestSuites.TestCases" name="@AfterTest closeBrowser" time="0.0">
    <skipped/>
  </testcase> <!-- @AfterTest closeBrowser -->
  <testcase classname="TestSuites.TestCases" name="carwash" time="0.001">
    <skipped/>
  </testcase> <!-- carwash -->
  <testcase classname="TestSuites.TestCases" name="listing" time="0.0">
    <skipped/>
  </testcase> <!-- listing -->
  <testcase classname="TestSuites.TestCases" name="retrieve" time="0.0">
    <skipped/>
  </testcase> <!-- retrieve -->
</testsuite> <!-- Test -->
