<?xml version="1.0" encoding="UTF-8"?>
<!-- Generated by org.testng.reporters.JUnitXMLReporter -->
<testsuite ignored="0" hostname="DESKTOP-NHLU8U8" failures="0" tests="3" name="SeleniumTesting" time="94.114" errors="0" timestamp="2022-05-29T10:52:11 IST">
  <testcase classname="TestSuites.TestCases" name="carwash" time="49.314"/>
  <testcase classname="TestSuites.TestCases" name="listing" time="16.644"/>
  <testcase classname="TestSuites.TestCases" name="retrieve" time="11.221"/>
</testsuite> <!-- SeleniumTesting -->
