<?xml version="1.0" encoding="UTF-8"?>
<testng-results ignored="0" total="3" passed="3" failed="0" skipped="0">
  <reporter-output>
  </reporter-output>
  <suite started-at="2022-12-16T01:07:14 IST" name="Default suite" finished-at="2022-12-16T01:08:37 IST" duration-ms="82927">
    <groups>
    </groups>
    <test started-at="2022-12-16T01:07:14 IST" name="Default test" finished-at="2022-12-16T01:08:37 IST" duration-ms="82927">
      <class name="TestSuites.TestCases">
        <test-method is-config="true" signature="invokeBrowser()[pri:0, instance:TestSuites.TestCases@3972a855]" started-at="2022-12-16T01:07:14 IST" name="invokeBrowser" finished-at="2022-12-16T01:07:25 IST" duration-ms="10218" status="PASS">
          <reporter-output>
          </reporter-output>
        </test-method> <!-- invokeBrowser -->
        <test-method signature="carwash()[pri:1, instance:TestSuites.TestCases@3972a855]" started-at="2022-12-16T01:07:25 IST" name="carwash" finished-at="2022-12-16T01:07:56 IST" duration-ms="31083" status="PASS">
          <reporter-output>
          </reporter-output>
        </test-method> <!-- carwash -->
        <test-method signature="listing()[pri:2, instance:TestSuites.TestCases@3972a855]" started-at="2022-12-16T01:07:56 IST" name="listing" finished-at="2022-12-16T01:08:15 IST" duration-ms="19675" status="PASS">
          <reporter-output>
          </reporter-output>
        </test-method> <!-- listing -->
        <test-method signature="retrieve()[pri:3, instance:TestSuites.TestCases@3972a855]" started-at="2022-12-16T01:08:15 IST" name="retrieve" finished-at="2022-12-16T01:08:36 IST" duration-ms="20297" status="PASS">
          <reporter-output>
          </reporter-output>
        </test-method> <!-- retrieve -->
        <test-method is-config="true" signature="closeBrowser()[pri:0, instance:TestSuites.TestCases@3972a855]" started-at="2022-12-16T01:08:36 IST" name="closeBrowser" finished-at="2022-12-16T01:08:37 IST" duration-ms="1563" status="PASS">
          <reporter-output>
          </reporter-output>
        </test-method> <!-- closeBrowser -->
      </class> <!-- TestSuites.TestCases -->
    </test> <!-- Default test -->
  </suite> <!-- Default suite -->
</testng-results>
