<?xml version="1.0" encoding="UTF-8" ?>
<testsuite tests="5" failures="1" name="TestSuites.TestCases" time="57.511" errors="0" skipped="4">
  <properties>
[...]
</properties>
  <testcase classname="TestSuites.TestCases" name="invokeBrowser" time="57.511">
    <failure message="session not created: This version of ChromeDriver only supports Chrome version 107
Current browser version is 109.0.5414.120 with binary path C:\Program Files\Google\Chrome\Application\chrome.exe
Build info: version: &apos;3.141.59&apos;, revision: &apos;e82be7d358&apos;, time: &apos;2018-11-14T08:17:03&apos;
System info: host: &apos;LAPTOP-6HI5R7OD&apos;, ip: &apos;127.0.0.1&apos;, os.name: &apos;Windows 11&apos;, os.arch: &apos;amd64&apos;, os.version: &apos;10.0&apos;, java.version: &apos;17.0.2&apos;
Driver info: driver.version: ChromeDriver
remote stacktrace: Backtrace:
	Ordinal0 [0x011DACD3+2075859]
	Ordinal0 [0x0116EE61+1633889]
	Ordinal0 [0x0106B7BD+571325]
	Ordinal0 [0x0108DFCD+712653]
	Ordinal0 [0x01089266+692838]
	Ordinal0 [0x01086BE9+682985]
	Ordinal0 [0x010BDBD3+908243]
	Ordinal0 [0x010BD6AA+906922]
	Ordinal0 [0x010B7136+880950]
	Ordinal0 [0x0108FEFD+720637]
	Ordinal0 [0x01090F3F+724799]
	GetHandleVerifier [0x0148EED2+2769538]
	GetHandleVerifier [0x01480D95+2711877]
	GetHandleVerifier [0x0126A03A+521194]
	GetHandleVerifier [0x01268DA0+516432]
	Ordinal0 [0x0117682C+1665068]
	Ordinal0 [0x0117B128+1683752]
	Ordinal0 [0x0117B215+1683989]
	Ordinal0 [0x01186484+1729668]
	BaseThreadInitThunk [0x75F26BD9+25]
	RtlGetFullPathName_UEx [0x771C8FD2+1218]
	RtlGetFullPathName_UEx [0x771C8F9D+1165]
" type="org.openqa.selenium.SessionNotCreatedException">org.openqa.selenium.SessionNotCreatedException: session not created: This version of ChromeDriver only supports Chrome version 107
Current browser version is 109.0.5414.120 with binary path C:\Program Files\Google\Chrome\Application\chrome.exe
Build info: version: &apos;3.141.59&apos;, revision: &apos;e82be7d358&apos;, time: &apos;2018-11-14T08:17:03&apos;
System info: host: &apos;LAPTOP-6HI5R7OD&apos;, ip: &apos;127.0.0.1&apos;, os.name: &apos;Windows 11&apos;, os.arch: &apos;amd64&apos;, os.version: &apos;10.0&apos;, java.version: &apos;17.0.2&apos;
Driver info: driver.version: ChromeDriver
remote stacktrace: Backtrace:
	Ordinal0 [0x011DACD3+2075859]
	Ordinal0 [0x0116EE61+1633889]
	Ordinal0 [0x0106B7BD+571325]
	Ordinal0 [0x0108DFCD+712653]
	Ordinal0 [0x01089266+692838]
	Ordinal0 [0x01086BE9+682985]
	Ordinal0 [0x010BDBD3+908243]
	Ordinal0 [0x010BD6AA+906922]
	Ordinal0 [0x010B7136+880950]
	Ordinal0 [0x0108FEFD+720637]
	Ordinal0 [0x01090F3F+724799]
	GetHandleVerifier [0x0148EED2+2769538]
	GetHandleVerifier [0x01480D95+2711877]
	GetHandleVerifier [0x0126A03A+521194]
	GetHandleVerifier [0x01268DA0+516432]
	Ordinal0 [0x0117682C+1665068]
	Ordinal0 [0x0117B128+1683752]
	Ordinal0 [0x0117B215+1683989]
	Ordinal0 [0x01186484+1729668]
	BaseThreadInitThunk [0x75F26BD9+25]
	RtlGetFullPathName_UEx [0x771C8FD2+1218]
	RtlGetFullPathName_UEx [0x771C8F9D+1165]

	at java.base/jdk.internal.reflect.NativeConstructorAccessorImpl.newInstance0(Native Method)
	at java.base/jdk.internal.reflect.NativeConstructorAccessorImpl.newInstance(NativeConstructorAccessorImpl.java:77)
	at java.base/jdk.internal.reflect.DelegatingConstructorAccessorImpl.newInstance(DelegatingConstructorAccessorImpl.java:45)
	at java.base/java.lang.reflect.Constructor.newInstanceWithCaller(Constructor.java:499)
	at java.base/java.lang.reflect.Constructor.newInstance(Constructor.java:480)
	at org.openqa.selenium.remote.W3CHandshakeResponse.lambda$errorHandler$0(W3CHandshakeResponse.java:62)
	at org.openqa.selenium.remote.HandshakeResponse.lambda$getResponseFunction$0(HandshakeResponse.java:30)
	at org.openqa.selenium.remote.ProtocolHandshake.lambda$createSession$0(ProtocolHandshake.java:126)
	at java.base/java.util.stream.ReferencePipeline$3$1.accept(ReferencePipeline.java:197)
	at java.base/java.util.Spliterators$ArraySpliterator.tryAdvance(Spliterators.java:1002)
	at java.base/java.util.stream.ReferencePipeline.forEachWithCancel(ReferencePipeline.java:129)
	at java.base/java.util.stream.AbstractPipeline.copyIntoWithCancel(AbstractPipeline.java:527)
	at java.base/java.util.stream.AbstractPipeline.copyInto(AbstractPipeline.java:513)
	at java.base/java.util.stream.AbstractPipeline.wrapAndCopyInto(AbstractPipeline.java:499)
	at java.base/java.util.stream.FindOps$FindOp.evaluateSequential(FindOps.java:150)
	at java.base/java.util.stream.AbstractPipeline.evaluate(AbstractPipeline.java:234)
	at java.base/java.util.stream.ReferencePipeline.findFirst(ReferencePipeline.java:647)
	at org.openqa.selenium.remote.ProtocolHandshake.createSession(ProtocolHandshake.java:128)
	at org.openqa.selenium.remote.ProtocolHandshake.createSession(ProtocolHandshake.java:74)
	at org.openqa.selenium.remote.HttpCommandExecutor.execute(HttpCommandExecutor.java:136)
	at org.openqa.selenium.remote.service.DriverCommandExecutor.execute(DriverCommandExecutor.java:83)
	at org.openqa.selenium.remote.RemoteWebDriver.execute(RemoteWebDriver.java:552)
	at org.openqa.selenium.remote.RemoteWebDriver.startSession(RemoteWebDriver.java:213)
	at org.openqa.selenium.remote.RemoteWebDriver.&lt;init&gt;(RemoteWebDriver.java:131)
	at org.openqa.selenium.chrome.ChromeDriver.&lt;init&gt;(ChromeDriver.java:181)
	at org.openqa.selenium.chrome.ChromeDriver.&lt;init&gt;(ChromeDriver.java:168)
	at org.openqa.selenium.chrome.ChromeDriver.&lt;init&gt;(ChromeDriver.java:157)
	at Base.Base.invokeBrowser(Base.java:54)
	at TestSuites.TestCases.invokeBrowser(TestCases.java:25)
</failure>
    <system-out>Configuring TestNG with: org.apache.maven.surefire.testng.conf.TestNG652Configurator@45c8e616
</system-out>
    <system-err>SLF4J: Failed to load class &quot;org.slf4j.impl.StaticLoggerBinder&quot;.
SLF4J: Defaulting to no-operation (NOP) logger implementation
SLF4J: See http://www.slf4j.org/codes.html#StaticLoggerBinder for further details.
Starting ChromeDriver 107.0.5304.62 (1eec40d3a5764881c92085aaee66d25075c159aa-refs/branch-heads/5304@{#942}) on port 6714
Only local connections are allowed.
Please see https://chromedriver.chromium.org/security-considerations for suggestions on keeping ChromeDriver safe.
ChromeDriver was started successfully.
</system-err>
  </testcase>
  <testcase classname="TestSuites.TestCases" name="carwash" time="0">
    <skipped/>
  </testcase>
  <testcase classname="TestSuites.TestCases" name="listing" time="0">
    <skipped/>
  </testcase>
  <testcase classname="TestSuites.TestCases" name="retrieve" time="0">
    <skipped/>
  </testcase>
  <testcase classname="TestSuites.TestCases" name="closeBrowser" time="0">
    <skipped/>
  </testcase>
</testsuite>>